<?xml version="1.0" encoding="UTF-8"?>
<testng-results ignored="0" total="1" passed="1" failed="0" skipped="0">
  <reporter-output>
  </reporter-output>
  <suite started-at="2025-06-05T22:31:49 IST" name="Default suite" finished-at="2025-06-05T22:31:54 IST" duration-ms="5060">
    <groups>
    </groups>
    <test started-at="2025-06-05T22:31:49 IST" name="Default test" finished-at="2025-06-05T22:31:54 IST" duration-ms="5060">
      <class name="rest.demo">
        <test-method signature="testM()[pri:0, instance:rest.demo@60099951]" started-at="2025-06-05T22:31:49 IST" name="testM" finished-at="2025-06-05T22:31:54 IST" duration-ms="4972" status="PASS">
          <reporter-output>
          </reporter-output>
        </test-method> <!-- testM -->
      </class> <!-- rest.demo -->
    </test> <!-- Default test -->
  </suite> <!-- Default suite -->
</testng-results>
